

Started GET "/" for 127.0.0.1 at 2021-04-18 23:27:54 +0900
Processing by Rails::WelcomeController#index as HTML
  Rendered /home/kkt/.rbenv/versions/2.2.1/lib/ruby/gems/2.2.0/gems/railties-4.2.11.3/lib/rails/templates/rails/welcome/index.html.erb (0.7ms)
Completed 200 OK in 9ms (Views: 4.3ms | ActiveRecord: 0.0ms)


Started GET "/" for 127.0.0.1 at 2021-04-18 23:50:23 +0900
Processing by Rails::WelcomeController#index as HTML
  Rendered /home/kkt/.rbenv/versions/2.2.1/lib/ruby/gems/2.2.0/gems/railties-4.2.11.3/lib/rails/templates/rails/welcome/index.html.erb (1.1ms)
Completed 200 OK in 22ms (Views: 12.1ms | ActiveRecord: 0.0ms)


Started GET "/" for 127.0.0.1 at 2021-04-18 23:53:07 +0900
Processing by HomeController#index as HTML
  Rendered home/index.html.erb within layouts/application (0.2ms)
Completed 200 OK in 723ms (Views: 722.4ms | ActiveRecord: 0.0ms)
  [1m[36m (21.4ms)[0m  [1mCREATE TABLE `schema_migrations` (`version` varchar(191) NOT NULL) ENGINE=InnoDB[0m
  [1m[35m (17.9ms)[0m  CREATE UNIQUE INDEX `unique_schema_migrations`  ON `schema_migrations` (`version`) 
  [1m[36mActiveRecord::SchemaMigration Load (0.3ms)[0m  [1mSELECT `schema_migrations`.* FROM `schema_migrations`[0m
Migrating to CreateBoards (20210418150928)
  [1m[35m (11.8ms)[0m  CREATE TABLE `boards` (`id` int(11) auto_increment PRIMARY KEY, `title` varchar(255), `content` text, `created_at` datetime NOT NULL, `updated_at` datetime NOT NULL) ENGINE=InnoDB
  [1m[36m (0.3ms)[0m  [1mBEGIN[0m
  [1m[35mSQL (0.3ms)[0m  INSERT INTO `schema_migrations` (`version`) VALUES ('20210418150928')
  [1m[36m (1.4ms)[0m  [1mCOMMIT[0m
  [1m[35mActiveRecord::SchemaMigration Load (0.3ms)[0m  SELECT `schema_migrations`.* FROM `schema_migrations`
  [1m[36m (0.5ms)[0m  [1mSELECT fk.referenced_table_name as 'to_table'
      ,fk.referenced_column_name as 'primary_key'
      ,fk.column_name as 'column'
      ,fk.constraint_name as 'name'
FROM information_schema.key_column_usage fk
WHERE fk.referenced_column_name is not null
  AND fk.table_schema = 'web_record'
  AND fk.table_name = 'boards'
[0m
  [1m[35m (0.7ms)[0m  SHOW CREATE TABLE `boards`


Started GET "/" for 127.0.0.1 at 2021-04-19 00:09:53 +0900
  [1m[36mActiveRecord::SchemaMigration Load (0.6ms)[0m  [1mSELECT `schema_migrations`.* FROM `schema_migrations`[0m
Processing by HomeController#index as HTML
  Rendered home/index.html.erb within layouts/application (10.0ms)
Completed 500 Internal Server Error in 21ms (ActiveRecord: 0.0ms)

ActionView::Template::Error (You invoked render but did not give any of :partial, :template, :inline, :file, :plain, :text or :body option.):
    1: <%= render  %>
    2: 
    3: <h2>개인적인 기록물용</h2>
  app/views/home/index.html.erb:1:in `_app_views_home_index_html_erb__4262985581088946943_70266477333060'


  Rendered /home/kkt/.rbenv/versions/2.2.1/lib/ruby/gems/2.2.0/gems/actionpack-4.2.11.3/lib/action_dispatch/middleware/templates/rescues/_source.erb (6.1ms)
  Rendered /home/kkt/.rbenv/versions/2.2.1/lib/ruby/gems/2.2.0/gems/actionpack-4.2.11.3/lib/action_dispatch/middleware/templates/rescues/_trace.html.erb (1.4ms)
  Rendered /home/kkt/.rbenv/versions/2.2.1/lib/ruby/gems/2.2.0/gems/actionpack-4.2.11.3/lib/action_dispatch/middleware/templates/rescues/_request_and_response.html.erb (0.5ms)
  Rendered /home/kkt/.rbenv/versions/2.2.1/lib/ruby/gems/2.2.0/gems/actionpack-4.2.11.3/lib/action_dispatch/middleware/templates/rescues/template_error.html.erb within rescues/layout (23.4ms)
  Rendered /home/kkt/.rbenv/versions/2.2.1/lib/ruby/gems/2.2.0/gems/web-console-2.3.0/lib/web_console/templates/_markup.html.erb (0.4ms)
  Rendered /home/kkt/.rbenv/versions/2.2.1/lib/ruby/gems/2.2.0/gems/web-console-2.3.0/lib/web_console/templates/_inner_console_markup.html.erb within layouts/inlined_string (0.3ms)
  Rendered /home/kkt/.rbenv/versions/2.2.1/lib/ruby/gems/2.2.0/gems/web-console-2.3.0/lib/web_console/templates/_prompt_box_markup.html.erb within layouts/inlined_string (0.2ms)
  Rendered /home/kkt/.rbenv/versions/2.2.1/lib/ruby/gems/2.2.0/gems/web-console-2.3.0/lib/web_console/templates/style.css.erb within layouts/inlined_string (0.2ms)
  Rendered /home/kkt/.rbenv/versions/2.2.1/lib/ruby/gems/2.2.0/gems/web-console-2.3.0/lib/web_console/templates/console.js.erb within layouts/javascript (18.8ms)
  Rendered /home/kkt/.rbenv/versions/2.2.1/lib/ruby/gems/2.2.0/gems/web-console-2.3.0/lib/web_console/templates/main.js.erb within layouts/javascript (0.4ms)
  Rendered /home/kkt/.rbenv/versions/2.2.1/lib/ruby/gems/2.2.0/gems/web-console-2.3.0/lib/web_console/templates/error_page.js.erb within layouts/javascript (0.5ms)
  Rendered /home/kkt/.rbenv/versions/2.2.1/lib/ruby/gems/2.2.0/gems/web-console-2.3.0/lib/web_console/templates/index.html.erb (39.6ms)


Started GET "/" for 127.0.0.1 at 2021-04-19 00:09:59 +0900
Processing by HomeController#index as HTML
  Rendered home/index.html.erb within layouts/application (0.7ms)
Completed 200 OK in 256ms (Views: 255.8ms | ActiveRecord: 0.0ms)


Started GET "/assets/scaffolds.self-bed04144af30d5d2cdafbbf3eaf6aa672c30fec42da41fc8531021ba6451f17c.css?body=1" for 127.0.0.1 at 2021-04-19 00:10:00 +0900


Started GET "/" for 127.0.0.1 at 2021-04-19 00:20:14 +0900
Processing by HomeController#index as HTML
  Rendered home/_menu_bar.html.erb (0.5ms)
  Rendered home/index.html.erb within layouts/application (1.8ms)
Completed 200 OK in 22ms (Views: 20.4ms | ActiveRecord: 0.0ms)


Started GET "/" for 127.0.0.1 at 2021-04-19 00:29:52 +0900
Processing by HomeController#index as HTML
  Rendered common/_menu_bar.html.erb (0.2ms)
  Rendered home/index.html.erb within layouts/application (1.0ms)
Completed 200 OK in 32ms (Views: 31.6ms | ActiveRecord: 0.0ms)


Started GET "/" for 127.0.0.1 at 2021-04-19 00:29:53 +0900
Processing by HomeController#index as HTML
  Rendered common/_menu_bar.html.erb (0.0ms)
  Rendered home/index.html.erb within layouts/application (0.4ms)
Completed 200 OK in 13ms (Views: 13.0ms | ActiveRecord: 0.0ms)


Started GET "/" for 127.0.0.1 at 2021-04-19 00:30:03 +0900
Processing by HomeController#index as HTML
  Rendered common/_menu_bar.html.erb (0.4ms)
  Rendered home/index.html.erb within layouts/application (0.9ms)
Completed 200 OK in 18ms (Views: 17.5ms | ActiveRecord: 0.0ms)


Started GET "/" for 127.0.0.1 at 2021-04-19 00:30:19 +0900
Processing by HomeController#index as HTML
  Rendered common/_menu_bar.html.erb (0.5ms)
  Rendered home/index.html.erb within layouts/application (1.3ms)
Completed 200 OK in 49ms (Views: 48.1ms | ActiveRecord: 0.0ms)


Started GET "/" for 127.0.0.1 at 2021-04-19 00:33:56 +0900
Processing by HomeController#index as HTML
  Rendered common/_menu_bar.html.erb (0.2ms)
  Rendered home/index.html.erb within layouts/application (0.9ms)
Completed 200 OK in 79ms (Views: 78.2ms | ActiveRecord: 0.0ms)


Started GET "/assets/style.self-a0088c3a2fb18219ad2daba3f3977ed6dd248d84055b369d0648f3dc595eb06a.css?body=1" for 127.0.0.1 at 2021-04-19 00:33:57 +0900


Started GET "/assets/common.self-7a37d765949aa471f3101f6c9494cd98dc0e9ef0d5cf224dffb449dc8d6774e2.css?body=1" for 127.0.0.1 at 2021-04-19 00:33:57 +0900


Started GET "/" for 127.0.0.1 at 2021-04-19 00:42:34 +0900
Processing by HomeController#index as HTML
  Rendered common/_menu_bar.html.erb (0.1ms)
  Rendered home/index.html.erb within layouts/application (0.6ms)
Completed 200 OK in 19ms (Views: 18.8ms | ActiveRecord: 0.0ms)


Started GET "/assets/common.self-3952cf71653a25d78625691d6006e569377d9014e0f2200b2b367088e88377b7.css?body=1" for 127.0.0.1 at 2021-04-19 00:42:34 +0900


Started GET "/" for 127.0.0.1 at 2021-04-19 00:44:08 +0900
Processing by HomeController#index as HTML
  Rendered common/_menu_bar.html.erb (0.1ms)
  Rendered home/index.html.erb within layouts/application (1.1ms)
Completed 200 OK in 25ms (Views: 24.2ms | ActiveRecord: 0.0ms)


Started GET "/assets/style.self-683ea63560bb276f514ccfdf89ae49fd8d3649c479e12dc093c40c83992ecd32.css?body=1" for 127.0.0.1 at 2021-04-19 00:44:08 +0900


Started GET "/" for 127.0.0.1 at 2021-04-19 00:44:19 +0900
Processing by HomeController#index as HTML
  Rendered common/_menu_bar.html.erb (0.1ms)
  Rendered home/index.html.erb within layouts/application (0.7ms)
Completed 200 OK in 21ms (Views: 20.2ms | ActiveRecord: 0.0ms)


Started GET "/assets/style.self-ac1d7a26f806d8f958729823f6e77528b18329a37fe2ea37529f8328fb25cbe8.css?body=1" for 127.0.0.1 at 2021-04-19 00:44:20 +0900


Started GET "/" for 127.0.0.1 at 2021-04-19 00:44:40 +0900
Processing by HomeController#index as HTML
  Rendered common/_menu_bar.html.erb (0.1ms)
  Rendered home/index.html.erb within layouts/application (0.7ms)
Completed 200 OK in 44ms (Views: 43.2ms | ActiveRecord: 0.0ms)


Started GET "/assets/style.self-db938769b871ea5e216e0f0ad984e24f92a17335ab3147e71da325b01114139c.css?body=1" for 127.0.0.1 at 2021-04-19 00:44:40 +0900


Started GET "/" for 127.0.0.1 at 2021-04-19 00:45:00 +0900
Processing by HomeController#index as HTML
  Rendered common/_menu_bar.html.erb (0.0ms)
  Rendered home/index.html.erb within layouts/application (0.5ms)
Completed 200 OK in 18ms (Views: 17.6ms | ActiveRecord: 0.0ms)


Started GET "/" for 127.0.0.1 at 2021-04-19 00:50:01 +0900
Processing by HomeController#index as HTML
  Rendered common/_menu_bar.html.erb (0.0ms)
  Rendered home/index.html.erb within layouts/application (0.4ms)
Completed 200 OK in 19ms (Views: 18.5ms | ActiveRecord: 0.0ms)


Started GET "/assets/style.self-45239fc84ac6f94d463c348c5e88286160f92a605ddf071f2c5023416e244e79.css?body=1" for 127.0.0.1 at 2021-04-19 00:50:01 +0900


Started GET "/" for 127.0.0.1 at 2021-04-19 00:50:02 +0900
Processing by HomeController#index as HTML
  Rendered common/_menu_bar.html.erb (0.0ms)
  Rendered home/index.html.erb within layouts/application (0.5ms)
Completed 200 OK in 15ms (Views: 14.3ms | ActiveRecord: 0.0ms)


Started GET "/" for 127.0.0.1 at 2021-04-19 00:50:09 +0900
Processing by HomeController#index as HTML
  Rendered common/_menu_bar.html.erb (0.0ms)
  Rendered home/index.html.erb within layouts/application (0.5ms)
Completed 200 OK in 26ms (Views: 25.8ms | ActiveRecord: 0.0ms)


Started GET "/assets/style.self-98180996898f9c7aa4324da5222cb7d80b9a1ca02200fb8f32a8232740fc76c3.css?body=1" for 127.0.0.1 at 2021-04-19 00:50:10 +0900


Started GET "/" for 127.0.0.1 at 2021-04-19 00:50:14 +0900
Processing by HomeController#index as HTML
  Rendered common/_menu_bar.html.erb (0.0ms)
  Rendered home/index.html.erb within layouts/application (0.5ms)
Completed 200 OK in 30ms (Views: 29.9ms | ActiveRecord: 0.0ms)


Started GET "/assets/style.self-6aabce8e856975e6368a70a2ec088bd1bfa398d96974df0662e0c7125cec0671.css?body=1" for 127.0.0.1 at 2021-04-19 00:50:14 +0900


Started GET "/" for 127.0.0.1 at 2021-04-19 00:50:19 +0900
Processing by HomeController#index as HTML
  Rendered common/_menu_bar.html.erb (0.0ms)
  Rendered home/index.html.erb within layouts/application (1.1ms)
Completed 200 OK in 66ms (Views: 64.9ms | ActiveRecord: 0.0ms)


Started GET "/assets/style.self-91a857b325c8e8a0945a9344673af95962e6a1cf75d2cf9a0523dc3d88198c23.css?body=1" for 127.0.0.1 at 2021-04-19 00:50:19 +0900


Started GET "/" for 127.0.0.1 at 2021-04-19 00:50:35 +0900
Processing by HomeController#index as HTML
  Rendered common/_menu_bar.html.erb (0.0ms)
  Rendered home/index.html.erb within layouts/application (0.4ms)
Completed 200 OK in 17ms (Views: 16.1ms | ActiveRecord: 0.0ms)


Started GET "/" for 127.0.0.1 at 2021-04-19 00:50:40 +0900
Processing by HomeController#index as HTML
  Rendered common/_menu_bar.html.erb (0.1ms)
  Rendered home/index.html.erb within layouts/application (0.9ms)
Completed 200 OK in 36ms (Views: 34.9ms | ActiveRecord: 0.0ms)


Started GET "/assets/style.self-bec9f58cede3569804ecde63ee6704a3fb91fe10aeda0f5db22685ba2f185a6b.css?body=1" for 127.0.0.1 at 2021-04-19 00:50:40 +0900


Started GET "/" for 127.0.0.1 at 2021-04-19 00:50:44 +0900
Processing by HomeController#index as HTML
  Rendered common/_menu_bar.html.erb (0.1ms)
  Rendered home/index.html.erb within layouts/application (0.4ms)
Completed 200 OK in 16ms (Views: 15.9ms | ActiveRecord: 0.0ms)


Started GET "/" for 127.0.0.1 at 2021-04-19 00:51:00 +0900
Processing by HomeController#index as HTML
  Rendered common/_menu_bar.html.erb (0.0ms)
  Rendered home/index.html.erb within layouts/application (0.6ms)
Completed 200 OK in 20ms (Views: 19.2ms | ActiveRecord: 0.0ms)


Started GET "/assets/style.self-56f365ac4d571daeb884fb6659db60ac2301be6438c7fc7f196e71e45c070449.css?body=1" for 127.0.0.1 at 2021-04-19 00:51:00 +0900


Started GET "/" for 127.0.0.1 at 2021-04-19 00:51:04 +0900
Processing by HomeController#index as HTML
  Rendered common/_menu_bar.html.erb (0.1ms)
  Rendered home/index.html.erb within layouts/application (0.6ms)
Completed 200 OK in 40ms (Views: 38.8ms | ActiveRecord: 0.0ms)


Started GET "/assets/style.self-dc3b1bde9b63cef4bfc3094e973f6ebbd0ff392d994831775df8c8d1dffce3c7.css?body=1" for 127.0.0.1 at 2021-04-19 00:51:05 +0900


Started GET "/" for 127.0.0.1 at 2021-04-19 00:51:08 +0900
Processing by HomeController#index as HTML
  Rendered common/_menu_bar.html.erb (0.1ms)
  Rendered home/index.html.erb within layouts/application (0.8ms)
Completed 200 OK in 36ms (Views: 34.5ms | ActiveRecord: 0.0ms)


Started GET "/assets/style.self-e142703d33579bd02db1c5f76af96d8efc3a13e0c63c135e912fa9fd8797974d.css?body=1" for 127.0.0.1 at 2021-04-19 00:51:09 +0900


Started GET "/" for 127.0.0.1 at 2021-04-19 00:51:18 +0900
Processing by HomeController#index as HTML
  Rendered common/_menu_bar.html.erb (0.1ms)
  Rendered home/index.html.erb within layouts/application (0.8ms)
Completed 200 OK in 17ms (Views: 16.6ms | ActiveRecord: 0.0ms)


Started GET "/assets/style.self-c98035c95f7376ae484a57a88b8dffc7fe98d3c94ee4fdc2767eee1e1f2a5b4b.css?body=1" for 127.0.0.1 at 2021-04-19 00:51:18 +0900


Started GET "/" for 127.0.0.1 at 2021-04-19 00:51:39 +0900
Processing by HomeController#index as HTML
  Rendered common/_menu_bar.html.erb (0.0ms)
  Rendered home/index.html.erb within layouts/application (0.8ms)
Completed 200 OK in 15ms (Views: 14.3ms | ActiveRecord: 0.0ms)


Started GET "/" for 127.0.0.1 at 2021-04-19 00:52:50 +0900
Processing by HomeController#index as HTML
  Rendered common/_menu_bar.html.erb (0.1ms)
  Rendered home/index.html.erb within layouts/application (0.8ms)
Completed 200 OK in 33ms (Views: 32.6ms | ActiveRecord: 0.0ms)


Started GET "/assets/style.self-7c6dfc25bbc5527c151b3046be56ed473f7fae219945380cba335524d2d6ad27.css?body=1" for 127.0.0.1 at 2021-04-19 00:52:50 +0900


Started GET "/" for 127.0.0.1 at 2021-04-19 00:52:56 +0900
Processing by HomeController#index as HTML
  Rendered common/_menu_bar.html.erb (0.0ms)
  Rendered home/index.html.erb within layouts/application (0.5ms)
Completed 200 OK in 25ms (Views: 24.7ms | ActiveRecord: 0.0ms)


Started GET "/assets/style.self-8464e3e367a8545bbb8675d7c059c805ba94629375191bdcf822c48fae5d8b3a.css?body=1" for 127.0.0.1 at 2021-04-19 00:52:56 +0900


Started GET "/" for 127.0.0.1 at 2021-04-19 00:53:27 +0900
Processing by HomeController#index as HTML
  Rendered common/_menu_bar.html.erb (0.0ms)
  Rendered home/index.html.erb within layouts/application (1.2ms)
Completed 200 OK in 24ms (Views: 23.5ms | ActiveRecord: 0.0ms)


Started GET "/" for 127.0.0.1 at 2021-04-19 00:53:43 +0900
Processing by HomeController#index as HTML
  Rendered common/_menu_bar.html.erb (0.1ms)
  Rendered home/index.html.erb within layouts/application (1.2ms)
Completed 200 OK in 30ms (Views: 27.8ms | ActiveRecord: 0.0ms)


Started GET "/assets/style.self-c475ac3eb5694552f0cef0b3a6c4e5c87806879e204d9f03aa5042ed84c4e912.css?body=1" for 127.0.0.1 at 2021-04-19 00:53:43 +0900
